-----------------------------------------------------------------
      name:  <unnamed>
       log:  O:\wang6054\PA5033_Spring2021\Lab1\lab1_log.log
  log type:  text
 opened on:  12 Mar 2021, 12:50:29

. 
end of do-file

. do "C:\Users\wang6054\AppData\Local\Temp\32\STD2274_000000.tmp"

.         use mus03data.dta

. 
end of do-file

. d

Contains data from mus03data.dta
  obs:         3,064                          
 vars:            33                          18 Sep 2013 17:05
-----------------------------------------------------------------
              storage   display    value
variable name   type    format     label      variable label
-----------------------------------------------------------------
dupersid        double  %12.0g                Subject ID
year03          double  %12.0g                =1 if data is from
                                             MEPS 2003
age             double  %12.0g                Age
famsze          double  %12.0g                Size of the family
educyr          double  %12.0g                Years of education
totexp          double  %12.0g                Total medical
                                             expenditure
private         double  %12.0g                =1 if private
                                             supplementary
                                             insurance
retire          double  %12.0g                =1 if retired
female          double  %12.0g                =1 if female
white           double  %12.0g                =1 if white
hisp            double  %12.0g                =1 if Hispanic
marry           double  %12.0g                =1 if married
northe          double  %12.0g                =1 if northeast
                                             area
mwest           double  %12.0g                =1 if Midwest area
south           double  %12.0g                =1 if south area
                                             (West is excluded)
phylim          double  %12.0g                =1 if has
                                             functional
                                             limitation
actlim          double  %12.0g                =1 if has activity
                                             limitation
msa             double  %12.0g                =1 if metropolitan
                                             statistical area
income          double  %12.0g                annual household
                                             income/1000
injury          double  %12.0g                =1 if condition is
                                             caused by an
                                             accident/injury
priolist        double  %12.0g                =1 if has medical
                                             conditions that are
                                             on the priority list
totchr          double  %12.0g                # of chronic
                                             problems
omc             double  %12.0g                =1 if other managed
                                             care (Privately
                                             insured sample)
hmo             double  %12.0g                =1 if private
                                             insurance is HMO
                                             (Privately insured
                                             sample)
mnc             double  %12.0g                
ratio           float   %9.0g                 
posexp          float   %9.0g                 =1 if total
                                             expenditure > 0
suppins         float   %9.0g                 =1 if has supp priv
                                             insurance
hvgg            float   %9.0g                 =1 if health status
                                             is excellent, good
                                             or very good
hfp             float   %9.0g                 =1 if health status
                                             is fair or poor
ltotexp         float   %9.0g                 ln(totexp) if
                                             totexp > 0
hins            float   %9.0g                 Excellent health
                                             indicator
hdem            float   %9.0g                 Demographic group
                                             indicator
-----------------------------------------------------------------
Sorted by: ltotexp

. do "C:\Users\wang6054\AppData\Local\Temp\32\STD2274_000000.tmp"

.         summarize

    Variable |        Obs        Mean    Std. Dev.       Min     
>    Max
-------------+---------------------------------------------------
> ------
    dupersid |      3,064    6.24e+07    3.43e+07   2.00e+07   9.
> 83e+07
      year03 |      3,064           1           0          1     
>      1
         age |      3,064    74.17167    6.372938         65     
>     90
      famsze |      3,064    1.907963    .9883496          1     
>     13
      educyr |      3,064    11.77546    3.435878          0     
>     17
-------------+---------------------------------------------------
> ------
      totexp |      3,064    7030.889    11852.75          0     
> 125610
     private |      3,064    .5812663    .4934321          0     
>      1
      retire |      3,064    .5946475    .4910403          0     
>      1
      female |      3,064    .5796345    .4936982          0     
>      1
       white |      3,064    .9742167    .1585141          0     
>      1
-------------+---------------------------------------------------
> ------
        hisp |      3,064    .0848564    .2787134          0     
>      1
       marry |      3,064    .5558094    .4969567          0     
>      1
      northe |      3,064    .1517624     .358849          0     
>      1
       mwest |      3,064    .2310705    .4215862          0     
>      1
       south |      3,064    .3962141    .4891897          0     
>      1
-------------+---------------------------------------------------
> ------
      phylim |      3,064    .4255875    .4945125          0     
>      1
      actlim |      3,064    .2836162    .4508263          0     
>      1
         msa |      3,064    .7415144    .4378737          0     
>      1
      income |      3,064    22.47472    22.53491         -1     
> 312.46
      injury |      3,064    .1964752    .3973968          0     
>      1
-------------+---------------------------------------------------
> ------
    priolist |      3,064    .8028721    .3978947          0     
>      1
      totchr |      3,064    1.754243    1.307197          0     
>      7
         omc |      3,064    .4461488    .4971727          0     
>      1
         hmo |      3,064    .1158616    .3201111          0     
>      1
         mnc |      3,064    .0192559    .1374454          0     
>      1
-------------+---------------------------------------------------
> ------
       ratio |      3,064    .0120952    .0958159          0     
>      1
      posexp |      3,064    .9644256    .1852568          0     
>      1
     suppins |      3,064    .5812663    .4934321          0     
>      1
        hvgg |      3,064    .6054178    .4888406          0     
>      1
         hfp |      3,064    .2078982    .4216508          0     
>      2
-------------+---------------------------------------------------
> ------
     ltotexp |      2,955    8.059866    1.367592   1.098612   11
> .74094
        hins |      1,506           1           0          1     
>      1
        hdem |      1,737           1           0          1     
>      1

. 
end of do-file

. do "C:\Users\wang6054\AppData\Local\Temp\32\STD2274_000000.tmp"

.         summarize

    Variable |        Obs        Mean    Std. Dev.       Min        Max
-------------+---------------------------------------------------------
    dupersid |      3,064    6.24e+07    3.43e+07   2.00e+07   9.83e+07
      year03 |      3,064           1           0          1          1
         age |      3,064    74.17167    6.372938         65         90
      famsze |      3,064    1.907963    .9883496          1         13
      educyr |      3,064    11.77546    3.435878          0         17
-------------+---------------------------------------------------------
      totexp |      3,064    7030.889    11852.75          0     125610
     private |      3,064    .5812663    .4934321          0          1
      retire |      3,064    .5946475    .4910403          0          1
      female |      3,064    .5796345    .4936982          0          1
       white |      3,064    .9742167    .1585141          0          1
-------------+---------------------------------------------------------
        hisp |      3,064    .0848564    .2787134          0          1
       marry |      3,064    .5558094    .4969567          0          1
      northe |      3,064    .1517624     .358849          0          1
       mwest |      3,064    .2310705    .4215862          0          1
       south |      3,064    .3962141    .4891897          0          1
-------------+---------------------------------------------------------
      phylim |      3,064    .4255875    .4945125          0          1
      actlim |      3,064    .2836162    .4508263          0          1
         msa |      3,064    .7415144    .4378737          0          1
      income |      3,064    22.47472    22.53491         -1     312.46
      injury |      3,064    .1964752    .3973968          0          1
-------------+---------------------------------------------------------
    priolist |      3,064    .8028721    .3978947          0          1
      totchr |      3,064    1.754243    1.307197          0          7
         omc |      3,064    .4461488    .4971727          0          1
         hmo |      3,064    .1158616    .3201111          0          1
         mnc |      3,064    .0192559    .1374454          0          1
-------------+---------------------------------------------------------
       ratio |      3,064    .0120952    .0958159          0          1
      posexp |      3,064    .9644256    .1852568          0          1
     suppins |      3,064    .5812663    .4934321          0          1
        hvgg |      3,064    .6054178    .4888406          0          1
         hfp |      3,064    .2078982    .4216508          0          2
-------------+---------------------------------------------------------
     ltotexp |      2,955    8.059866    1.367592   1.098612   11.74094
        hins |      1,506           1           0          1          1
        hdem |      1,737           1           0          1          1

. 
end of do-file

. drop if income <0
(1 observation deleted)

. do "C:\Users\wang6054\AppData\Local\Temp\32\STD2274_000000.tmp"

.         sum suppins

    Variable |        Obs        Mean    Std. Dev.       Min        Max
-------------+---------------------------------------------------------
     suppins |      3,063    .5811296    .4934546          0          1

. 
end of do-file

. do "C:\Users\wang6054\AppData\Local\Temp\32\STD2274_000000.tmp"

.         sum suppins, d

                =1 if has supp priv insurance
-------------------------------------------------------------
      Percentiles      Smallest
 1%            0              0
 5%            0              0
10%            0              0       Obs               3,063
25%            0              0       Sum of Wgt.       3,063

50%            1                      Mean           .5811296
                        Largest       Std. Dev.      .4934546
75%            1              1
90%            1              1       Variance       .2434975
95%            1              1       Skewness      -.3288767
99%            1              1       Kurtosis        1.10816

. 
end of do-file

. do "C:\Users\wang6054\AppData\Local\Temp\32\STD2274_000000.tmp"

.         tab suppins 

  =1 if has |
  supp priv |
  insurance |      Freq.     Percent        Cum.
------------+-----------------------------------
          0 |      1,283       41.89       41.89
          1 |      1,780       58.11      100.00
------------+-----------------------------------
      Total |      3,063      100.00

. 
end of do-file

. do "C:\Users\wang6054\AppData\Local\Temp\32\STD2274_000000.tmp"

.         tab suppins female

 =1 if has |
 supp priv |     =1  if female
 insurance |         0          1 |     Total
-----------+----------------------+----------
         0 |       488        795 |     1,283 
         1 |       800        980 |     1,780 
-----------+----------------------+----------
     Total |     1,288      1,775 |     3,063 

. 
end of do-file

. do "C:\Users\wang6054\AppData\Local\Temp\32\STD2274_000000.tmp"

.         tab suppins if female == 1 

  =1 if has |
  supp priv |
  insurance |      Freq.     Percent        Cum.
------------+-----------------------------------
          0 |        795       44.79       44.79
          1 |        980       55.21      100.00
------------+-----------------------------------
      Total |      1,775      100.00

. 
end of do-file

. do "C:\Users\wang6054\AppData\Local\Temp\32\STD2274_000000.tmp"

.         tab suppins female, row col cell

+-------------------+
| Key               |
|-------------------|
|     frequency     |
|  row percentage   |
| column percentage |
|  cell percentage  |
+-------------------+

 =1 if has |
 supp priv |     =1  if female
 insurance |         0          1 |     Total
-----------+----------------------+----------
         0 |       488        795 |     1,283 
           |     38.04      61.96 |    100.00 
           |     37.89      44.79 |     41.89 
           |     15.93      25.95 |     41.89 
-----------+----------------------+----------
         1 |       800        980 |     1,780 
           |     44.94      55.06 |    100.00 
           |     62.11      55.21 |     58.11 
           |     26.12      31.99 |     58.11 
-----------+----------------------+----------
     Total |     1,288      1,775 |     3,063 
           |     42.05      57.95 |    100.00 
           |    100.00     100.00 |    100.00 
           |     42.05      57.95 |    100.00 

. 
end of do-file

. do "C:\Users\wang6054\AppData\Local\Temp\32\STD2274_000000.tmp"

.         reg totexp income famsze educyr female age marry 

      Source |       SS           df       MS      Number of obs   =     3,063
-------------+----------------------------------   F(6, 3056)      =      3.16
       Model |  2.5720e+09         6   428667801   Prob > F        =    0.0043
    Residual |  4.1415e+11     3,056   135519157   R-squared       =    0.0062
-------------+----------------------------------   Adj R-squared   =    0.0042
       Total |  4.1672e+11     3,062   136093582   Root MSE        =     11641

------------------------------------------------------------------------------
      totexp |      Coef.   Std. Err.      t    P>|t|     [95% Conf. Interval]
-------------+----------------------------------------------------------------
      income |  -13.88651   10.12834    -1.37   0.170    -33.74556    5.972534
      famsze |  -471.6077   233.9282    -2.02   0.044    -930.2803   -12.93516
      educyr |    145.474   66.37396     2.19   0.028     15.33187    275.6161
      female |   -1055.25   455.4068    -2.32   0.021    -1948.184   -162.3152
         age |   54.33323   34.82856     1.56   0.119    -13.95653     122.623
       marry |  -131.0552   493.8264    -0.27   0.791    -1099.321    837.2103
       _cons |   3146.068   2921.735     1.08   0.282    -2582.697    8874.833
------------------------------------------------------------------------------

. 
end of do-file

. sum totexp

    Variable |        Obs        Mean    Std. Dev.       Min        Max
-------------+---------------------------------------------------------
      totexp |      3,063    6992.829    11665.92          0     125610

. sum income

    Variable |        Obs        Mean    Std. Dev.       Min        Max
-------------+---------------------------------------------------------
      income |      3,063    22.48239     22.5346          0     312.46

. do "C:\Users\wang6054\AppData\Local\Temp\32\STD2274_000000.tmp"

.         ssc install estout
checking estout consistency and verifying not already installed...
installing into C:\Users\wang6054\ado\plus\...
installation complete.

. 
end of do-file

. do "C:\Users\wang6054\AppData\Local\Temp\32\STD2274_000000.tmp"

.         reg educyr famsze age

      Source |       SS           df       MS      Number of obs   =     3,063
-------------+----------------------------------   F(2, 3060)      =     52.94
       Model |  1209.21566         2  604.607829   Prob > F        =    0.0000
    Residual |  34948.7987     3,060   11.421176   R-squared       =    0.0334
-------------+----------------------------------   Adj R-squared   =    0.0328
       Total |  36158.0144     3,062  11.8086265   Root MSE        =    3.3795

------------------------------------------------------------------------------
      educyr |      Coef.   Std. Err.      t    P>|t|     [95% Conf. Interval]
-------------+----------------------------------------------------------------
      famsze |  -.5438804   .0626561    -8.68   0.000    -.6667326   -.4210282
         age |  -.0669849   .0097196    -6.89   0.000    -.0860426   -.0479272
       _cons |    17.7813   .7526303    23.63   0.000     16.30559    19.25702
------------------------------------------------------------------------------

. 
.         *Store the regression result as m1
. 
.         est store m1, title(Model 1)

. 
.         *Regression result output
. 
.         estout m1, cells(b(star fmt(3)) se(par fmt(2))) ///
>                 replace starlevels(* 0.1 ** 0.05 *** 0.01)  ///
>                 legend label varlabels(_cons Constant) ///
>                 stats(r2  N)

------------------------------------
                          Model 1   
                             b/se   
------------------------------------
Size of the family         -0.544***
                           (0.06)   
Age                        -0.067***
                           (0.01)   
Constant                   17.781***
                           (0.75)   
------------------------------------
r2                          0.033   
N                        3063.000   
------------------------------------
* p<0.1, ** p<0.05, *** p<0.01

. 
end of do-file

. do "C:\Users\wang6054\AppData\Local\Temp\32\STD2274_000000.tmp"

.         reg totexp age famsze 

      Source |       SS           df       MS      Number of obs   =     3,063
-------------+----------------------------------   F(2, 3060)      =      4.22
       Model |  1.1466e+09         2   573277924   Prob > F        =    0.0148
    Residual |  4.1557e+11     3,060   135807841   R-squared       =    0.0028
-------------+----------------------------------   Adj R-squared   =    0.0021
       Total |  4.1672e+11     3,062   136093582   Root MSE        =     11654

------------------------------------------------------------------------------
      totexp |      Coef.   Std. Err.      t    P>|t|     [95% Conf. Interval]
-------------+----------------------------------------------------------------
         age |   49.94939   33.51637     1.49   0.136    -15.76749    115.6663
      famsze |   -477.854   216.0578    -2.21   0.027    -901.4871   -54.22083
       _cons |   4199.579   2595.307     1.62   0.106    -889.1415      9288.3
------------------------------------------------------------------------------

.         est store m2, title(Model 2)

. 
.         reg retire age 

      Source |       SS           df       MS      Number of obs   =     3,063
-------------+----------------------------------   F(1, 3061)      =      4.34
       Model |  1.04440026         1  1.04440026   Prob > F        =    0.0374
    Residual |  737.154098     3,061  .240821332   R-squared       =    0.0014
-------------+----------------------------------   Adj R-squared   =    0.0011
       Total |  738.198498     3,062  .241083768   Root MSE        =    .49074

------------------------------------------------------------------------------
      retire |      Coef.   Std. Err.      t    P>|t|     [95% Conf. Interval]
-------------+----------------------------------------------------------------
         age |   .0028983   .0013917     2.08   0.037     .0001695    .0056271
       _cons |   .3798653   .1036098     3.67   0.000     .1767135    .5830171
------------------------------------------------------------------------------

.         est store m3, title(Model 3)

. 
.         estout m1 m2 m3, cells(b(star fmt(3)) se(par fmt(2))) ///
>                 replace starlevels(* 0.1 ** 0.05 *** 0.01)  ///
>                 legend label varlabels(_cons Constant) ///
>                 stats(r2  N)

--------------------------------------------------------------------
                          Model 1         Model 2         Model 3   
                             b/se            b/se            b/se   
--------------------------------------------------------------------
Size of the family         -0.544***     -477.854**                 
                           (0.06)        (216.06)                   
Age                        -0.067***       49.949           0.003** 
                           (0.01)         (33.52)          (0.00)   
Constant                   17.781***     4199.579           0.380***
                           (0.75)       (2595.31)          (0.10)   
--------------------------------------------------------------------
r2                          0.033           0.003           0.001   
N                        3063.000        3063.000        3063.000   
--------------------------------------------------------------------
* p<0.1, ** p<0.05, *** p<0.01

.    
. 
end of do-file

. do "C:\Users\wang6054\AppData\Local\Temp\32\STD2274_000000.tmp"

.         reg educyr famsze age

      Source |       SS           df       MS      Number of obs   =     3,063
-------------+----------------------------------   F(2, 3060)      =     52.94
       Model |  1209.21566         2  604.607829   Prob > F        =    0.0000
    Residual |  34948.7987     3,060   11.421176   R-squared       =    0.0334
-------------+----------------------------------   Adj R-squared   =    0.0328
       Total |  36158.0144     3,062  11.8086265   Root MSE        =    3.3795

------------------------------------------------------------------------------
      educyr |      Coef.   Std. Err.      t    P>|t|     [95% Conf. Interval]
-------------+----------------------------------------------------------------
      famsze |  -.5438804   .0626561    -8.68   0.000    -.6667326   -.4210282
         age |  -.0669849   .0097196    -6.89   0.000    -.0860426   -.0479272
       _cons |    17.7813   .7526303    23.63   0.000     16.30559    19.25702
------------------------------------------------------------------------------

. 
.         *Export the output
. 
.         outreg2 using reg1.doc, replace ctitle(Model 1)
reg1.doc
dir : seeout

. 
end of do-file

. shellout using `"reg1.doc"'

. do "C:\Users\wang6054\AppData\Local\Temp\32\STD2274_000000.tmp"

.         reg totexp age famsze 

      Source |       SS           df       MS      Number of obs   =     3,063
-------------+----------------------------------   F(2, 3060)      =      4.22
       Model |  1.1466e+09         2   573277924   Prob > F        =    0.0148
    Residual |  4.1557e+11     3,060   135807841   R-squared       =    0.0028
-------------+----------------------------------   Adj R-squared   =    0.0021
       Total |  4.1672e+11     3,062   136093582   Root MSE        =     11654

------------------------------------------------------------------------------
      totexp |      Coef.   Std. Err.      t    P>|t|     [95% Conf. Interval]
-------------+----------------------------------------------------------------
         age |   49.94939   33.51637     1.49   0.136    -15.76749    115.6663
      famsze |   -477.854   216.0578    -2.21   0.027    -901.4871   -54.22083
       _cons |   4199.579   2595.307     1.62   0.106    -889.1415      9288.3
------------------------------------------------------------------------------

. 
.         outreg2 using reg1.doc, append ctitle(Model 2)
reg1.doc
dir : seeout

. 
end of do-file

. shellout using `"reg1.doc"'

. do "C:\Users\wang6054\AppData\Local\Temp\32\STD2274_000000.tmp"

.         reg totexp age famsze 

      Source |       SS           df       MS      Number of obs   =     3,063
-------------+----------------------------------   F(2, 3060)      =      4.22
       Model |  1.1466e+09         2   573277924   Prob > F        =    0.0148
    Residual |  4.1557e+11     3,060   135807841   R-squared       =    0.0028
-------------+----------------------------------   Adj R-squared   =    0.0021
       Total |  4.1672e+11     3,062   136093582   Root MSE        =     11654

------------------------------------------------------------------------------
      totexp |      Coef.   Std. Err.      t    P>|t|     [95% Conf. Interval]
-------------+----------------------------------------------------------------
         age |   49.94939   33.51637     1.49   0.136    -15.76749    115.6663
      famsze |   -477.854   216.0578    -2.21   0.027    -901.4871   -54.22083
       _cons |   4199.579   2595.307     1.62   0.106    -889.1415      9288.3
------------------------------------------------------------------------------

. 
.         outreg2 using reg2.doc, replace ctitle(Model 2)
reg2.doc
dir : seeout

. 
end of do-file

. exit, clear
