-------------------------------------------------------------------------------
      name:  <unnamed>
       log:  O:\wang6054\PA 5033 Spring 2022\Lab 7\Lab7.log
  log type:  text
 opened on:  29 Apr 2022, 12:48:01

. 
end of do-file

. do "C:\Users\wang6054\AppData\Local\Temp\STD151c_000000.tmp"

.         use Union_data.dta

. 
end of do-file

. do "C:\Users\wang6054\AppData\Local\Temp\STD151c_000000.tmp"

.         reg profit union gr ipr logsale

      Source |       SS           df       MS      Number of obs   =       633
-------------+----------------------------------   F(4, 628)       =     17.48
       Model |  6.47274348         4  1.61818587   Prob > F        =    0.0000
    Residual |  58.1509209       628  .092597008   R-squared       =    0.1002
-------------+----------------------------------   Adj R-squared   =    0.0944
       Total |  64.6236644       632  .102252634   Root MSE        =     .3043

------------------------------------------------------------------------------
      profit | Coefficient  Std. err.      t    P>|t|     [95% conf. interval]
-------------+----------------------------------------------------------------
       union |   .0194893   .0269333     0.72   0.470    -.0334009    .0723796
          gr |   .3696495   .0912924     4.05   0.000     .1903741    .5489249
         ipr |  -.4367626   .2277461    -1.92   0.056    -.8839987    .0104735
     logsale |   .0361894   .0059429     6.09   0.000     .0245191    .0478598
       _cons |   .0708935   .0423959     1.67   0.095    -.0123615    .1541484
------------------------------------------------------------------------------

. 
end of do-file

. dis .0194893/.0194893
1

. dis .0194893/.0269333
.72361352

. do "C:\Users\wang6054\AppData\Local\Temp\STD151c_000000.tmp"

.                 reg union gr cr age

      Source |       SS           df       MS      Number of obs   =       633
-------------+----------------------------------   F(3, 629)       =     55.14
       Model |   31.975459         3  10.6584863   Prob > F        =    0.0000
    Residual |  121.582203       629   .19329444   R-squared       =    0.2082
-------------+----------------------------------   Adj R-squared   =    0.2045
       Total |  153.557662       632  .242970984   Root MSE        =    .43965

------------------------------------------------------------------------------
       union | Coefficient  Std. err.      t    P>|t|     [95% conf. interval]
-------------+----------------------------------------------------------------
          gr |   -.089018   .1319853    -0.67   0.500    -.3482031    .1701671
          cr |  -.0008183   .0012155    -0.67   0.501    -.0032052    .0015686
         age |   .0063947   .0005087    12.57   0.000     .0053957    .0073936
       _cons |   .3115526   .0629497     4.95   0.000     .1879356    .4351696
------------------------------------------------------------------------------

. 
end of do-file

. do "C:\Users\wang6054\AppData\Local\Temp\STD151c_000000.tmp"

.                 predict yhat
(option xb assumed; fitted values)

.                 rename yhat union_1

. 
end of do-file

. do "C:\Users\wang6054\AppData\Local\Temp\STD151c_000000.tmp"

.                         gen lambda = union - union_1

. 
end of do-file

. do "C:\Users\wang6054\AppData\Local\Temp\STD151c_000000.tmp"

.                 predict res, residual

. 
end of do-file

. do "C:\Users\wang6054\AppData\Local\Temp\STD151c_000000.tmp"

.                 reg profit union gr ipr logsale lambda

      Source |       SS           df       MS      Number of obs   =       633
-------------+----------------------------------   F(5, 627)       =     20.10
       Model |  8.92625967         5  1.78525193   Prob > F        =    0.0000
    Residual |  55.6974048       627  .088831587   R-squared       =    0.1381
-------------+----------------------------------   Adj R-squared   =    0.1313
       Total |  64.6236644       632  .102252634   Root MSE        =    .29805

------------------------------------------------------------------------------
      profit | Coefficient  Std. err.      t    P>|t|     [95% conf. interval]
-------------+----------------------------------------------------------------
       union |    .290981   .0580048     5.02   0.000     .1770739    .4048882
          gr |   .3815465   .0894456     4.27   0.000     .2058972    .5571958
         ipr |  -.3525863   .2236418    -1.58   0.115    -.7917638    .0865912
     logsale |    .028133   .0060193     4.67   0.000     .0163126    .0399534
      lambda |  -.3230523   .0614698    -5.26   0.000    -.4437639   -.2023406
       _cons |  -.0519203    .047649    -1.09   0.276    -.1454912    .0416506
------------------------------------------------------------------------------

. 
end of do-file

. dis .0269333/.0580048
.46432881

. dis .290981 /.0580048
5.0164986

. do "C:\Users\wang6054\AppData\Local\Temp\STD151c_000000.tmp"

.         reg union gr ipr

      Source |       SS           df       MS      Number of obs   =       633
-------------+----------------------------------   F(2, 630)       =      3.51
       Model |  1.69404174         2  .847020869   Prob > F        =    0.0304
    Residual |   151.86362       630  .241053365   R-squared       =    0.0110
-------------+----------------------------------   Adj R-squared   =    0.0079
       Total |  153.557662       632  .242970984   Root MSE        =    .49097

------------------------------------------------------------------------------
       union | Coefficient  Std. err.      t    P>|t|     [95% conf. interval]
-------------+----------------------------------------------------------------
          gr |  -.0534363   .1472484    -0.36   0.717    -.3425933    .2357207
         ipr |  -.9574014   .3652626    -2.62   0.009    -1.674681   -.2401218
       _cons |   .6882936   .0434598    15.84   0.000       .60295    .7736372
------------------------------------------------------------------------------

. 
end of do-file

. do "C:\Users\wang6054\AppData\Local\Temp\STD151c_000000.tmp"

.         predict lambda2, residual 

. 
end of do-file

. do "C:\Users\wang6054\AppData\Local\Temp\STD151c_000000.tmp"

.         reg profit union gr ipr logsale lambda2
note: lambda2 omitted because of collinearity.

      Source |       SS           df       MS      Number of obs   =       633
-------------+----------------------------------   F(4, 628)       =     17.48
       Model |  6.47274348         4  1.61818587   Prob > F        =    0.0000
    Residual |  58.1509209       628  .092597008   R-squared       =    0.1002
-------------+----------------------------------   Adj R-squared   =    0.0944
       Total |  64.6236644       632  .102252634   Root MSE        =     .3043

------------------------------------------------------------------------------
      profit | Coefficient  Std. err.      t    P>|t|     [95% conf. interval]
-------------+----------------------------------------------------------------
       union |   .0194893   .0269333     0.72   0.470    -.0334009    .0723796
          gr |   .3696495   .0912924     4.05   0.000     .1903741    .5489249
         ipr |  -.4367626   .2277461    -1.92   0.056    -.8839987    .0104735
     logsale |   .0361894   .0059429     6.09   0.000     .0245191    .0478598
     lambda2 |          0  (omitted)
       _cons |   .0708935   .0423959     1.67   0.095    -.0123615    .1541484
------------------------------------------------------------------------------

. 
end of do-file

. do "C:\Users\wang6054\AppData\Local\Temp\STD151c_000000.tmp"

. clear

. use Problem_16-4.dta

. 
end of do-file

. do "C:\Users\wang6054\AppData\Local\Temp\STD151c_000000.tmp"

.                         gen consumpchange = Yr2006 - Yr2000

. 
end of do-file

. do "C:\Users\wang6054\AppData\Local\Temp\STD151c_000000.tmp"

.                         reg consumpchange Tax

      Source |       SS           df       MS      Number of obs   =        45
-------------+----------------------------------   F(1, 43)        =      1.66
       Model |  4.16101786         1  4.16101786   Prob > F        =    0.2041
    Residual |  107.595426        43  2.50221921   R-squared       =    0.0372
-------------+----------------------------------   Adj R-squared   =    0.0148
       Total |  111.756444        44  2.53991918   Root MSE        =    1.5818

------------------------------------------------------------------------------
consumpcha~e | Coefficient  Std. err.      t    P>|t|     [95% conf. interval]
-------------+----------------------------------------------------------------
         Tax |  -.7314287   .5671983    -1.29   0.204    -1.875293    .4124356
       _cons |  -2.428571   .2673798    -9.08   0.000    -2.967794   -1.889348
------------------------------------------------------------------------------

. 
end of do-file

. do "C:\Users\wang6054\AppData\Local\Temp\STD151c_000000.tmp"

. clear

. use 16.4-Panel.dta

. 
end of do-file

. do "C:\Users\wang6054\AppData\Local\Temp\STD151c_000000.tmp"

.         xtset ID Year

Panel variable: ID (strongly balanced)
 Time variable: Year, 2000 to 2006, but with gaps
         Delta: 1 unit

. 
end of do-file

. do "C:\Users\wang6054\AppData\Local\Temp\STD151c_000000.tmp"

.         xtreg Consumption Tax, re

Random-effects GLS regression                   Number of obs     =         90
Group variable: ID                              Number of groups  =         45

R-squared:                                      Obs per group:
     Within  =      .                                         min =          2
     Between = 0.0035                                         avg =        2.0
     Overall = 0.0028                                         max =          2

                                                Wald chi2(1)      =       0.15
corr(u_i, X) = 0 (assumed)                      Prob > chi2       =     0.6970

------------------------------------------------------------------------------
 Consumption | Coefficient  Std. err.      z    P>|z|     [95% conf. interval]
-------------+----------------------------------------------------------------
         Tax |   .4157143   1.067746     0.39   0.697    -1.677029    2.508458
       _cons |   21.41429   .5033403    42.54   0.000     20.42776    22.40081
-------------+----------------------------------------------------------------
     sigma_u |  2.5628044
     sigma_e |  2.1444501
         rho |  .58817787   (fraction of variance due to u_i)
------------------------------------------------------------------------------

. 
end of do-file

. do "C:\Users\wang6054\AppData\Local\Temp\STD151c_000000.tmp"

.         xtreg Consumption Tax, fe
note: Tax omitted because of collinearity.

Fixed-effects (within) regression               Number of obs     =         90
Group variable: ID                              Number of groups  =         45

R-squared:                                      Obs per group:
     Within  =      .                                         min =          2
     Between =      .                                         avg =        2.0
     Overall =      .                                         max =          2

                                                F(0,45)           =       0.00
corr(u_i, Xb) =      .                          Prob > F          =          .

------------------------------------------------------------------------------
 Consumption | Coefficient  Std. err.      t    P>|t|     [95% conf. interval]
-------------+----------------------------------------------------------------
         Tax |          0  (omitted)
       _cons |   21.50667   .2260449    95.14   0.000     21.05139    21.96194
-------------+----------------------------------------------------------------
     sigma_u |  2.9489521
     sigma_e |  2.1444501
         rho |  .65410518   (fraction of variance due to u_i)
------------------------------------------------------------------------------
F test that all u_i=0: F(44, 45) = 3.78                      Prob > F = 0.0000

. 
end of do-file

. do "C:\Users\wang6054\AppData\Local\Temp\STD151c_000000.tmp"

.         reg Consumption Tax i.Year i.ID, robust
note: 45.ID omitted because of collinearity.

Linear regression                               Number of obs     =         90
                                                F(45, 44)         =     118.92
                                                Prob > F          =     0.0000
                                                R-squared         =     0.9425
                                                Root MSE          =     1.1269

------------------------------------------------------------------------------
             |               Robust
 Consumption | Coefficient  std. err.      t    P>|t|     [95% conf. interval]
-------------+----------------------------------------------------------------
         Tax |      -1.55    .317458    -4.88   0.000    -2.189795   -.9102055
             |
        Year |
       2006  |  -2.591111   .2375766   -10.91   0.000    -3.069915   -2.112307
             |
          ID |
          2  |  -5.849999   1.135425    -5.15   0.000    -8.138297   -3.561702
          3  |        .25   .8419983     0.30   0.768    -1.446936    1.946936
          4  |   .2000008   .6050318     0.33   0.743    -1.019361    1.419362
          5  |      -5.25   .3174574   -16.54   0.000    -5.889793   -4.610207
          6  |      -5.75   .3231343   -17.79   0.000    -6.401234   -5.098766
          7  |       -1.9   .6984856    -2.72   0.009    -3.307705   -.4922944
          8  |      -5.65   .3174574   -17.80   0.000    -6.289793   -5.010206
          9  |      -2.85   .4708384    -6.05   0.000    -3.798913   -1.901088
         10  |        1.3   .2933657     4.43   0.000     .7087604     1.89124
         11  |  -1.900001   .4287084    -4.43   0.000    -2.764006   -1.035996
         12  |       5.25   .3885957    13.51   0.000     4.466837    6.033163
         13  |        -.5   .9879588    -0.51   0.615      -2.4911      1.4911
         14  |  -1.900001   .2933657    -6.48   0.000     -2.49124   -1.308761
         15  |  -5.099999   .2933657   -17.38   0.000    -5.691239    -4.50876
         16  |      -5.35   .3174574   -16.85   0.000    -5.989794   -4.710207
         17  |  -.9499998   .4708375    -2.02   0.050    -1.898911   -.0010891
         18  |  -5.200001   .6050318    -8.59   0.000    -6.419362   -3.980639
         19  |      -5.35   1.333521    -4.01   0.000    -8.037536   -2.662465
         20  |       -4.2   .2543615   -16.51   0.000    -4.712632   -3.687368
         21  |       -2.2   2.092447    -1.05   0.299    -6.417049     2.01705
         22  |      -4.75   .3231343   -14.70   0.000    -5.401234   -4.098766
         23  |  -4.349999   .4784988    -9.09   0.000     -5.31435   -3.385648
         24  |  -.1499996   .7544459    -0.20   0.843    -1.670485    1.370486
         25  |   .0999994   .7068944     0.14   0.888    -1.324653    1.524651
         26  |  -.0500002   2.234209    -0.02   0.982    -4.552753    4.452753
         27  |       -4.6   .2886803   -15.93   0.000    -5.181797   -4.018203
         28  |      -1.35   .2698607    -5.00   0.000    -1.893869   -.8061319
         29  |       -2.9   .8990749    -3.23   0.002    -4.711966   -1.088033
         30  |  -.0999994   .3576056    -0.28   0.781    -.8207062    .6207074
         31  |       -4.3    .802366    -5.36   0.000    -5.917063   -2.682938
         32  |      -12.9   .3576053   -36.07   0.000    -13.62071   -12.17929
         33  |      -3.85   .3174574   -12.13   0.000    -4.489794   -3.210207
         34  |  -5.349999   .5673764    -9.43   0.000    -6.493471   -4.206527
         35  |       -1.8   .4360675    -4.13   0.000    -2.678836   -.9211639
         36  |       -3.3   .2861098   -11.53   0.000    -3.876617   -2.723384
         37  |  -.9499998   .5945646    -1.60   0.117    -2.148266    .2482663
         38  |       -3.1   1.534244    -2.02   0.049    -6.192066   -.0079346
         39  |      -2.15   .7794851    -2.76   0.008    -3.720949   -.5790506
         40  |   2.950001   2.187746     1.35   0.184    -1.459112    7.359113
         41  |  -.8499994   .5003246    -1.70   0.096    -1.858337    .1583386
         42  |      -1.55   .4920798    -3.15   0.003    -2.541722   -.5582786
         43  |      -2.95   .5003246    -5.90   0.000    -3.958338   -1.941662
         44  |   3.200001   1.125447     2.84   0.007     .9318106    5.468191
         45  |          0  (omitted)
             |
       _cons |   25.54556   .2752798    92.80   0.000     24.99077    26.10035
------------------------------------------------------------------------------

. 
end of do-file

