----------------------------------------------------------------------------------------------
      name:  <unnamed>
       log:  O:\wang6054\PA5033_Spring2021\Lab 6\Lab6.log
  log type:  text
 opened on:  23 Apr 2021, 12:50:19

. 
end of do-file

. do "C:\Users\wang6054\AppData\Local\Temp\30\STD32c0_000000.tmp"

.         use Union_data.dta

. 
end of do-file

. do "C:\Users\wang6054\AppData\Local\Temp\30\STD32c0_000000.tmp"

.         reg profit union gr ipr logsale

      Source |       SS           df       MS      Number of obs   =       633
-------------+----------------------------------   F(4, 628)       =     17.48
       Model |  6.47274348         4  1.61818587   Prob > F        =    0.0000
    Residual |  58.1509209       628  .092597008   R-squared       =    0.1002
-------------+----------------------------------   Adj R-squared   =    0.0944
       Total |  64.6236644       632  .102252634   Root MSE        =     .3043

------------------------------------------------------------------------------
      profit |      Coef.   Std. Err.      t    P>|t|     [95% Conf. Interval]
-------------+----------------------------------------------------------------
       union |   .0194893   .0269333     0.72   0.470    -.0334009    .0723796
          gr |   .3696495   .0912924     4.05   0.000     .1903741    .5489249
         ipr |  -.4367626   .2277461    -1.92   0.056    -.8839987    .0104735
     logsale |   .0361894   .0059429     6.09   0.000     .0245191    .0478598
       _cons |   .0708935   .0423959     1.67   0.095    -.0123615    .1541484
------------------------------------------------------------------------------

. 
end of do-file

. do "C:\Users\wang6054\AppData\Local\Temp\30\STD32c0_000000.tmp"

.                 reg union gr cr age

      Source |       SS           df       MS      Number of obs   =       633
-------------+----------------------------------   F(3, 629)       =     55.14
       Model |   31.975459         3  10.6584863   Prob > F        =    0.0000
    Residual |  121.582203       629   .19329444   R-squared       =    0.2082
-------------+----------------------------------   Adj R-squared   =    0.2045
       Total |  153.557662       632  .242970984   Root MSE        =    .43965

------------------------------------------------------------------------------
       union |      Coef.   Std. Err.      t    P>|t|     [95% Conf. Interval]
-------------+----------------------------------------------------------------
          gr |   -.089018   .1319853    -0.67   0.500    -.3482031    .1701671
          cr |  -.0008183   .0012155    -0.67   0.501    -.0032052    .0015686
         age |   .0063947   .0005087    12.57   0.000     .0053957    .0073936
       _cons |   .3115526   .0629497     4.95   0.000     .1879356    .4351696
------------------------------------------------------------------------------

. 
end of do-file

. do "C:\Users\wang6054\AppData\Local\Temp\30\STD32c0_000000.tmp"

.                 predict yhat
(option xb assumed; fitted values)

.                 rename yhat union_1

. 
end of do-file

. do "C:\Users\wang6054\AppData\Local\Temp\30\STD32c0_000000.tmp"

.                         gen lambda = union - union_1

. 
end of do-file

. do "C:\Users\wang6054\AppData\Local\Temp\30\STD32c0_000000.tmp"

.                 predict res, residual

. 
end of do-file

. do "C:\Users\wang6054\AppData\Local\Temp\30\STD32c0_000000.tmp"

.                 reg profit union gr ipr logsale lambda

      Source |       SS           df       MS      Number of obs   =       633
-------------+----------------------------------   F(5, 627)       =     20.10
       Model |  8.92625967         5  1.78525193   Prob > F        =    0.0000
    Residual |  55.6974048       627  .088831587   R-squared       =    0.1381
-------------+----------------------------------   Adj R-squared   =    0.1313
       Total |  64.6236644       632  .102252634   Root MSE        =    .29805

------------------------------------------------------------------------------
      profit |      Coef.   Std. Err.      t    P>|t|     [95% Conf. Interval]
-------------+----------------------------------------------------------------
       union |    .290981   .0580048     5.02   0.000     .1770739    .4048882
          gr |   .3815465   .0894456     4.27   0.000     .2058972    .5571958
         ipr |  -.3525863   .2236418    -1.58   0.115    -.7917638    .0865912
     logsale |    .028133   .0060193     4.67   0.000     .0163126    .0399534
      lambda |  -.3230523   .0614698    -5.26   0.000    -.4437639   -.2023406
       _cons |  -.0519203    .047649    -1.09   0.276    -.1454912    .0416506
------------------------------------------------------------------------------

. 
end of do-file

. do "C:\Users\wang6054\AppData\Local\Temp\30\STD32c0_000000.tmp"

.         reg union gr ipr

      Source |       SS           df       MS      Number of obs   =       633
-------------+----------------------------------   F(2, 630)       =      3.51
       Model |  1.69404174         2  .847020869   Prob > F        =    0.0304
    Residual |   151.86362       630  .241053365   R-squared       =    0.0110
-------------+----------------------------------   Adj R-squared   =    0.0079
       Total |  153.557662       632  .242970984   Root MSE        =    .49097

------------------------------------------------------------------------------
       union |      Coef.   Std. Err.      t    P>|t|     [95% Conf. Interval]
-------------+----------------------------------------------------------------
          gr |  -.0534363   .1472484    -0.36   0.717    -.3425933    .2357207
         ipr |  -.9574014   .3652626    -2.62   0.009    -1.674681   -.2401218
       _cons |   .6882936   .0434598    15.84   0.000       .60295    .7736372
------------------------------------------------------------------------------

. 
end of do-file

. do "C:\Users\wang6054\AppData\Local\Temp\30\STD32c0_000000.tmp"

.         predict lambda2, residual 

. 
end of do-file

. do "C:\Users\wang6054\AppData\Local\Temp\30\STD32c0_000000.tmp"

.         reg profit union gr ipr logsale lambda2
note: lambda2 omitted because of collinearity

      Source |       SS           df       MS      Number of obs   =       633
-------------+----------------------------------   F(4, 628)       =     17.48
       Model |  6.47274348         4  1.61818587   Prob > F        =    0.0000
    Residual |  58.1509209       628  .092597008   R-squared       =    0.1002
-------------+----------------------------------   Adj R-squared   =    0.0944
       Total |  64.6236644       632  .102252634   Root MSE        =     .3043

------------------------------------------------------------------------------
      profit |      Coef.   Std. Err.      t    P>|t|     [95% Conf. Interval]
-------------+----------------------------------------------------------------
       union |   .0194893   .0269333     0.72   0.470    -.0334009    .0723796
          gr |   .3696495   .0912924     4.05   0.000     .1903741    .5489249
         ipr |  -.4367626   .2277461    -1.92   0.056    -.8839987    .0104735
     logsale |   .0361894   .0059429     6.09   0.000     .0245191    .0478598
     lambda2 |          0  (omitted)
       _cons |   .0708935   .0423959     1.67   0.095    -.0123615    .1541484
------------------------------------------------------------------------------

. 
end of do-file

. do "C:\Users\wang6054\AppData\Local\Temp\30\STD32c0_000000.tmp"

. clear

. use Problem_16-4.dta

. 
end of do-file

. do "C:\Users\wang6054\AppData\Local\Temp\30\STD32c0_000000.tmp"

.                         gen consumpchange = Yr2006 - Yr2000

. 
end of do-file

. do "C:\Users\wang6054\AppData\Local\Temp\30\STD32c0_000000.tmp"

.                         reg consumpchange Tax

      Source |       SS           df       MS      Number of obs   =        45
-------------+----------------------------------   F(1, 43)        =      1.66
       Model |  4.16101786         1  4.16101786   Prob > F        =    0.2041
    Residual |  107.595426        43  2.50221921   R-squared       =    0.0372
-------------+----------------------------------   Adj R-squared   =    0.0148
       Total |  111.756444        44  2.53991918   Root MSE        =    1.5818

------------------------------------------------------------------------------
consumpcha~e |      Coef.   Std. Err.      t    P>|t|     [95% Conf. Interval]
-------------+----------------------------------------------------------------
         Tax |  -.7314287   .5671983    -1.29   0.204    -1.875293    .4124356
       _cons |  -2.428571   .2673798    -9.08   0.000    -2.967794   -1.889348
------------------------------------------------------------------------------

. 
end of do-file

. do "C:\Users\wang6054\AppData\Local\Temp\30\STD32c0_000000.tmp"

. clear

. use 16.4-Panel.dta

. 
end of do-file

. do "C:\Users\wang6054\AppData\Local\Temp\30\STD32c0_000000.tmp"

.         xtset ID Year
       panel variable:  ID (strongly balanced)
        time variable:  Year, 2000 to 2006, but with gaps
                delta:  1 unit

. 
end of do-file

. do "C:\Users\wang6054\AppData\Local\Temp\30\STD32c0_000000.tmp"

.         xtreg Consumption Tax, re

Random-effects GLS regression                   Number of obs     =         90
Group variable: ID                              Number of groups  =         45

R-sq:                                           Obs per group:
     within  =      .                                         min =          2
     between = 0.0035                                         avg =        2.0
     overall = 0.0028                                         max =          2

                                                Wald chi2(1)      =       0.15
corr(u_i, X)   = 0 (assumed)                    Prob > chi2       =     0.6970

------------------------------------------------------------------------------
 Consumption |      Coef.   Std. Err.      z    P>|z|     [95% Conf. Interval]
-------------+----------------------------------------------------------------
         Tax |   .4157143   1.067746     0.39   0.697    -1.677029    2.508458
       _cons |   21.41429   .5033403    42.54   0.000     20.42776    22.40081
-------------+----------------------------------------------------------------
     sigma_u |  2.5628044
     sigma_e |  2.1444501
         rho |  .58817787   (fraction of variance due to u_i)
------------------------------------------------------------------------------

. 
end of do-file

. do "C:\Users\wang6054\AppData\Local\Temp\30\STD32c0_000000.tmp"

.         xtreg Consumption Tax, fe
note: Tax omitted because of collinearity

Fixed-effects (within) regression               Number of obs     =         90
Group variable: ID                              Number of groups  =         45

R-sq:                                           Obs per group:
     within  =      .                                         min =          2
     between =      .                                         avg =        2.0
     overall =      .                                         max =          2

                                                F(0,45)           =       0.00
corr(u_i, Xb)  =      .                         Prob > F          =          .

------------------------------------------------------------------------------
 Consumption |      Coef.   Std. Err.      t    P>|t|     [95% Conf. Interval]
-------------+----------------------------------------------------------------
         Tax |          0  (omitted)
       _cons |   21.50667   .2260449    95.14   0.000     21.05139    21.96194
-------------+----------------------------------------------------------------
     sigma_u |  2.9489521
     sigma_e |  2.1444501
         rho |  .65410518   (fraction of variance due to u_i)
------------------------------------------------------------------------------
F test that all u_i=0: F(44, 45) = 3.78                      Prob > F = 0.0000

. 
end of do-file

. do "C:\Users\wang6054\AppData\Local\Temp\30\STD32c0_000000.tmp"

.         reg Consumption Tax i.Year i.ID, robust
note: 45.ID omitted because of collinearity

Linear regression                               Number of obs     =         90
                                                F(45, 44)         =     118.92
                                                Prob > F          =     0.0000
                                                R-squared         =     0.9425
                                                Root MSE          =     1.1269

------------------------------------------------------------------------------
             |               Robust
 Consumption |      Coef.   Std. Err.      t    P>|t|     [95% Conf. Interval]
-------------+----------------------------------------------------------------
         Tax |      -1.55    .317458    -4.88   0.000    -2.189795   -.9102055
             |
        Year |
       2006  |  -2.591111   .2375766   -10.91   0.000    -3.069915   -2.112307
             |
          ID |
          2  |  -5.849999   1.135425    -5.15   0.000    -8.138297   -3.561702
          3  |        .25   .8419983     0.30   0.768    -1.446936    1.946936
          4  |   .2000008   .6050318     0.33   0.743    -1.019361    1.419362
          5  |      -5.25   .3174574   -16.54   0.000    -5.889793   -4.610207
          6  |      -5.75   .3231343   -17.79   0.000    -6.401234   -5.098766
          7  |       -1.9   .6984856    -2.72   0.009    -3.307705   -.4922944
          8  |      -5.65   .3174574   -17.80   0.000    -6.289793   -5.010206
          9  |      -2.85   .4708384    -6.05   0.000    -3.798913   -1.901088
         10  |        1.3   .2933657     4.43   0.000     .7087604     1.89124
         11  |  -1.900001   .4287084    -4.43   0.000    -2.764006   -1.035996
         12  |       5.25   .3885957    13.51   0.000     4.466837    6.033163
         13  |        -.5   .9879588    -0.51   0.615      -2.4911      1.4911
         14  |  -1.900001   .2933657    -6.48   0.000     -2.49124   -1.308761
         15  |  -5.099999   .2933657   -17.38   0.000    -5.691239    -4.50876
         16  |      -5.35   .3174574   -16.85   0.000    -5.989794   -4.710207
         17  |  -.9499998   .4708375    -2.02   0.050    -1.898911   -.0010891
         18  |  -5.200001   .6050318    -8.59   0.000    -6.419362   -3.980639
         19  |      -5.35   1.333521    -4.01   0.000    -8.037536   -2.662465
         20  |       -4.2   .2543615   -16.51   0.000    -4.712632   -3.687368
         21  |       -2.2   2.092447    -1.05   0.299    -6.417049     2.01705
         22  |      -4.75   .3231343   -14.70   0.000    -5.401234   -4.098766
         23  |  -4.349999   .4784988    -9.09   0.000     -5.31435   -3.385648
         24  |  -.1499996   .7544459    -0.20   0.843    -1.670485    1.370486
         25  |   .0999994   .7068944     0.14   0.888    -1.324653    1.524651
         26  |  -.0500002   2.234209    -0.02   0.982    -4.552753    4.452753
         27  |       -4.6   .2886803   -15.93   0.000    -5.181797   -4.018203
         28  |      -1.35   .2698607    -5.00   0.000    -1.893869   -.8061319
         29  |       -2.9   .8990749    -3.23   0.002    -4.711966   -1.088033
         30  |  -.0999994   .3576056    -0.28   0.781    -.8207062    .6207074
         31  |       -4.3    .802366    -5.36   0.000    -5.917063   -2.682938
         32  |      -12.9   .3576053   -36.07   0.000    -13.62071   -12.17929
         33  |      -3.85   .3174574   -12.13   0.000    -4.489794   -3.210207
         34  |  -5.349999   .5673764    -9.43   0.000    -6.493471   -4.206527
         35  |       -1.8   .4360675    -4.13   0.000    -2.678836   -.9211639
         36  |       -3.3   .2861098   -11.53   0.000    -3.876617   -2.723384
         37  |  -.9499998   .5945646    -1.60   0.117    -2.148266    .2482663
         38  |       -3.1   1.534244    -2.02   0.049    -6.192066   -.0079346
         39  |      -2.15   .7794851    -2.76   0.008    -3.720949   -.5790506
         40  |   2.950001   2.187746     1.35   0.184    -1.459112    7.359113
         41  |  -.8499994   .5003246    -1.70   0.096    -1.858337    .1583386
         42  |      -1.55   .4920798    -3.15   0.003    -2.541722   -.5582786
         43  |      -2.95   .5003246    -5.90   0.000    -3.958338   -1.941662
         44  |   3.200001   1.125447     2.84   0.007     .9318106    5.468191
         45  |          0  (omitted)
             |
       _cons |   25.54556   .2752798    92.80   0.000     24.99077    26.10035
------------------------------------------------------------------------------

. 
end of do-file

. use "C:\Users\wang6054\Downloads\AgeGrp2_20data.dta"

. do "C:\Users\wang6054\AppData\Local\Temp\30\STD32c0_000000.tmp"

. gen age40 = .
(320 missing values generated)

. replace age40 = 1 if age >40
(242 real changes made)

. replace age40 = 0 if age <=40
(78 real changes made)

. 
end of do-file

. do "C:\Users\wang6054\AppData\Local\Temp\30\STD32c0_000000.tmp"

. reg fired age40

      Source |       SS           df       MS      Number of obs   =       319
-------------+----------------------------------   F(1, 317)       =     10.08
       Model |  1.36214117         1  1.36214117   Prob > F        =    0.0016
    Residual |  42.8322162       317  .135117401   R-squared       =    0.0308
-------------+----------------------------------   Adj R-squared   =    0.0278
       Total |  44.1943574       318  .138975967   Root MSE        =    .36758

------------------------------------------------------------------------------
       fired |      Coef.   Std. Err.      t    P>|t|     [95% Conf. Interval]
-------------+----------------------------------------------------------------
       age40 |   .1520375   .0478845     3.18   0.002     .0578258    .2462491
       _cons |   .0512821   .0416206     1.23   0.219    -.0306055    .1331696
------------------------------------------------------------------------------

. 
end of do-file

. do "C:\Users\wang6054\AppData\Local\Temp\30\STD32c0_000000.tmp"

. logit fired age40

Iteration 0:   log likelihood = -143.46047  
Iteration 1:   log likelihood = -137.82379  
Iteration 2:   log likelihood = -137.47562  
Iteration 3:   log likelihood = -137.47505  
Iteration 4:   log likelihood = -137.47505  

Logistic regression                             Number of obs     =        319
                                                LR chi2(1)        =      11.97
                                                Prob > chi2       =     0.0005
Log likelihood = -137.47505                     Pseudo R2         =     0.0417

------------------------------------------------------------------------------
       fired |      Coef.   Std. Err.      z    P>|z|     [95% Conf. Interval]
-------------+----------------------------------------------------------------
       age40 |   1.552096   .5377081     2.89   0.004     .4982071    2.605984
       _cons |  -2.917771   .5133357    -5.68   0.000     -3.92389   -1.911651
------------------------------------------------------------------------------

. 
end of do-file

. do "C:\Users\wang6054\AppData\Local\Temp\30\STD32c0_000000.tmp"

. logit fired age40

Iteration 0:   log likelihood = -143.46047  
Iteration 1:   log likelihood = -137.82379  
Iteration 2:   log likelihood = -137.47562  
Iteration 3:   log likelihood = -137.47505  
Iteration 4:   log likelihood = -137.47505  

Logistic regression                             Number of obs     =        319
                                                LR chi2(1)        =      11.97
                                                Prob > chi2       =     0.0005
Log likelihood = -137.47505                     Pseudo R2         =     0.0417

------------------------------------------------------------------------------
       fired |      Coef.   Std. Err.      z    P>|z|     [95% Conf. Interval]
-------------+----------------------------------------------------------------
       age40 |   1.552096   .5377081     2.89   0.004     .4982071    2.605984
       _cons |  -2.917771   .5133357    -5.68   0.000     -3.92389   -1.911651
------------------------------------------------------------------------------

. 
end of do-file

. do "C:\Users\wang6054\AppData\Local\Temp\30\STD32c0_000000.tmp"

. gen age40_2 = .
(320 missing values generated)

. replace age40 = 1 if age >=40
(12 real changes made)

. replace age40 = 0 if age <40
(0 real changes made)

. 
end of do-file

. do "C:\Users\wang6054\AppData\Local\Temp\30\STD32c0_000000.tmp"

. gen age40_2 = .
variable age40_2 already defined
r(110);

end of do-file

r(110);

. drop age40_2

. do "C:\Users\wang6054\AppData\Local\Temp\30\STD32c0_000000.tmp"

. gen age40_2 = .
(320 missing values generated)

. replace age40_2 = 1 if age >=40
(254 real changes made)

. replace age40_2 = 0 if age <40
(66 real changes made)

. 
end of do-file

. do "C:\Users\wang6054\AppData\Local\Temp\30\STD32c0_000000.tmp"

. logit fired age40_2

note: age40_2 != 1 predicts failure perfectly
      age40_2 dropped and 66 obs not used

Iteration 0:   log likelihood =  -129.8586  
Iteration 1:   log likelihood =  -129.8586  

Logistic regression                             Number of obs     =        253
                                                LR chi2(0)        =      -0.00
                                                Prob > chi2       =          .
Log likelihood =  -129.8586                     Pseudo R2         =    -0.0000

------------------------------------------------------------------------------
       fired |      Coef.   Std. Err.      z    P>|z|     [95% Conf. Interval]
-------------+----------------------------------------------------------------
     age40_2 |          0  (omitted)
       _cons |  -1.328025   .1544925    -8.60   0.000    -1.630825   -1.025226
------------------------------------------------------------------------------

. 
end of do-file

. do "C:\Users\wang6054\AppData\Local\Temp\30\STD32c0_000000.tmp"

. gen age40_3 = age
(1 missing value generated)

. replace age40_3 = 1 if age >40
(242 real changes made)

. replace age40_3 = 0 if age <=40
(78 real changes made)

. 
end of do-file

. do "C:\Users\wang6054\AppData\Local\Temp\30\STD32c0_000000.tmp"

. logit fired age40_3

Iteration 0:   log likelihood = -143.46047  
Iteration 1:   log likelihood = -137.82379  
Iteration 2:   log likelihood = -137.47562  
Iteration 3:   log likelihood = -137.47505  
Iteration 4:   log likelihood = -137.47505  

Logistic regression                             Number of obs     =        319
                                                LR chi2(1)        =      11.97
                                                Prob > chi2       =     0.0005
Log likelihood = -137.47505                     Pseudo R2         =     0.0417

------------------------------------------------------------------------------
       fired |      Coef.   Std. Err.      z    P>|z|     [95% Conf. Interval]
-------------+----------------------------------------------------------------
     age40_3 |   1.552096   .5377081     2.89   0.004     .4982071    2.605984
       _cons |  -2.917771   .5133357    -5.68   0.000     -3.92389   -1.911651
------------------------------------------------------------------------------

. 
end of do-file

. doedit "O:\wang6054\PA5033_Spring2021\Lab 5\Lab5.do"

. use "O:\wang6054\PA5033_Spring2021\Lab 5\AgeGrp4_20data.dta", clear

. do "C:\Users\wang6054\AppData\Local\Temp\30\STD32c0_000000.tmp"

.         logit fired age perf

Iteration 0:   log likelihood = -404.96349  
Iteration 1:   log likelihood = -339.66771  
Iteration 2:   log likelihood = -325.20838  
Iteration 3:   log likelihood = -324.78173  
Iteration 4:   log likelihood = -324.78153  
Iteration 5:   log likelihood = -324.78153  

Logistic regression                             Number of obs     =      1,000
                                                LR chi2(2)        =     160.36
                                                Prob > chi2       =     0.0000
Log likelihood = -324.78153                     Pseudo R2         =     0.1980

------------------------------------------------------------------------------
       fired |      Coef.   Std. Err.      z    P>|z|     [95% Conf. Interval]
-------------+----------------------------------------------------------------
         age |   .1348337   .0142877     9.44   0.000     .1068303    .1628371
        perf |  -.5060311   .1306587    -3.87   0.000    -.7621175   -.2499447
       _cons |  -6.714433   .9299865    -7.22   0.000    -8.537173   -4.891693
------------------------------------------------------------------------------

. 
end of do-file

. do "C:\Users\wang6054\AppData\Local\Temp\30\STD32c0_000000.tmp"

.         predict yhat
(option pr assumed; Pr(fired))
(1 missing value generated)

.         rename yhat problogit

. 
end of do-file

. do "C:\Users\wang6054\AppData\Local\Temp\30\STD32c0_000000.tmp"

.         gen problogitr = problogit
(1 missing value generated)

. 
end of do-file

. do "C:\Users\wang6054\AppData\Local\Temp\30\STD32c0_000000.tmp"

.         replace problogitr = 0 if problogit < 0.5
(978 real changes made)

.         replace problogitr = 1 if problogit >= 0.5
(23 real changes made)

. 
end of do-file

. do "C:\Users\wang6054\AppData\Local\Temp\30\STD32c0_000000.tmp"

.         twoway (scatter age perf), by (problogitr fired )

.         
. 
end of do-file

. do "C:\Users\wang6054\AppData\Local\Temp\30\STD32c0_000000.tmp"

.         twoway (scatter age perf), by (problogitr fired )

.         
. 
end of do-file

. sum perf

    Variable |        Obs        Mean    Std. Dev.       Min        Max
-------------+---------------------------------------------------------
        perf |      1,000      4.0316    1.580804        1.5       17.9

. scatter perf fired

. tab perf

       PERF |      Freq.     Percent        Cum.
------------+-----------------------------------
        1.5 |          6        0.60        0.60
        1.6 |          4        0.40        1.00
          2 |         14        1.40        2.40
        2.4 |         14        1.40        3.80
        2.6 |          2        0.20        4.00
        2.8 |         32        3.20        7.20
          3 |        210       21.00       28.20
        3.1 |          2        0.20       28.40
        3.2 |         48        4.80       33.20
        3.3 |          4        0.40       33.60
        3.4 |          8        0.80       34.40
        3.5 |         18        1.80       36.20
        3.6 |         60        6.00       42.20
        3.7 |         14        1.40       43.60
        3.8 |         38        3.80       47.40
        3.9 |         26        2.60       50.00
          4 |        186       18.60       68.60
        4.1 |         10        1.00       69.60
        4.2 |         10        1.00       70.60
        4.3 |         24        2.40       73.00
        4.4 |         50        5.00       78.00
        4.5 |         24        2.40       80.40
        4.6 |         18        1.80       82.20
        4.8 |         38        3.80       86.00
        4.9 |         16        1.60       87.60
          5 |         48        4.80       92.40
        5.1 |          8        0.80       93.20
        5.2 |          6        0.60       93.80
        5.3 |          4        0.40       94.20
        5.4 |          2        0.20       94.40
        5.6 |          4        0.40       94.80
          6 |          2        0.20       95.00
        6.3 |          2        0.20       95.20
        6.4 |          6        0.60       95.80
        6.8 |          6        0.60       96.40
        6.9 |          2        0.20       96.60
          8 |          2        0.20       96.80
        8.5 |          2        0.20       97.00
        8.8 |          2        0.20       97.20
          9 |          2        0.20       97.40
        9.4 |          4        0.40       97.80
         10 |          4        0.40       98.20
       10.3 |          2        0.20       98.40
       10.7 |          6        0.60       99.00
         11 |          2        0.20       99.20
       11.2 |          2        0.20       99.40
       13.9 |          2        0.20       99.60
       14.1 |          2        0.20       99.80
       17.9 |          2        0.20      100.00
------------+-----------------------------------
      Total |      1,000      100.00

