----------------------------------------
      name:  <unnamed>
       log:  O:\wang6054\PA5032_Spring20
> 21\Lab6\Lab_6.log
  log type:  text
 opened on:  26 Feb 2021, 12:51:09

. use EITC2.dta /*make sure the dta file
>  is in the folder above*/

. 
end of do-file

. do "C:\Users\wang6054\AppData\Local\Te
> mp\36\STD4958_000000.tmp"

. reg children lnearn ed nonwhite age ag
> e2

      Source |       SS           df    
>    MS      Number of obs   =     8,395
-------------+--------------------------
> --------   F(5, 8389)      =    269.38
       Model |  1831.46701         5  36
> 6.293403   Prob > F        =    0.0000
    Residual |  11407.2699     8,389  1.
> 35978899   R-squared       =    0.1383
-------------+--------------------------
> --------   Adj R-squared   =    0.1378
       Total |  13238.7369     8,394  1.
> 57716665   Root MSE        =    1.1661

----------------------------------------
> --------------------------------------
    children |      Coef.   Std. Err.   
>    t                                  
>         P>|t|                         
>                   [95% Con            
>                           f. Interval]
-------------+--------------------------
> --------------------------------------
      lnearn |  -.1514784   .0095531   -
> 15.86                                 
>         0.000                         
>                  -.1702049            
>                              -.1327519
          ed |   .0064121   .0049665    
>  1.29                                 
>         0.197                         
>                  -.0033236            
>                               .0161477
    nonwhite |   .3872756   .0261272    
> 14.82                                 
>         0.000                         
>                   .3360599            
>                               .4384914
         age |   .1830821   .0099781    
> 18.35                                 
>         0.000                         
>                   .1635226            
>                               .2026417
        age2 |  -.0028169   .0001359   -
> 20.72                                 
>         0.000                         
>                  -.0030833            
>                              -.0025504
       _cons |  -.5397463   .2047086    
> -2.64                                 
>         0.008                         
>                  -.9410257            
>                              -.1384669
----------------------------------------
> --------------------------------------

. 
end of do-file

. do "C:\Users\wang6054\AppData\Local\Temp\36\STD4958_000000.tmp"

. reg children lnearn ed nonwhite age age2

      Source |       SS           df       MS      Number of obs   =     8,395
-------------+----------------------------------   F(5, 8389)      =    269.38
       Model |  1831.46701         5  366.293403   Prob > F        =    0.0000
    Residual |  11407.2699     8,389  1.35978899   R-squared       =    0.1383
-------------+----------------------------------   Adj R-squared   =    0.1378
       Total |  13238.7369     8,394  1.57716665   Root MSE        =    1.1661

------------------------------------------------------------------------------
    children |      Coef.   Std. Err.      t    P>|t|     [95% Conf. Interval]
-------------+----------------------------------------------------------------
      lnearn |  -.1514784   .0095531   -15.86   0.000    -.1702049   -.1327519
          ed |   .0064121   .0049665     1.29   0.197    -.0033236    .0161477
    nonwhite |   .3872756   .0261272    14.82   0.000     .3360599    .4384914
         age |   .1830821   .0099781    18.35   0.000     .1635226    .2026417
        age2 |  -.0028169   .0001359   -20.72   0.000    -.0030833   -.0025504
       _cons |  -.5397463   .2047086    -2.64   0.008    -.9410257   -.1384669
------------------------------------------------------------------------------

. 
end of do-file

. do "C:\Users\wang6054\AppData\Local\Temp\36\STD4958_000000.tmp"

. predict res, resid
(5,346 missing values generated)

. 
end of do-file

. do "C:\Users\wang6054\AppData\Local\Temp\36\STD4958_000000.tmp"

. scatter res earn 

. 
end of do-file

. rvpplot earn
earn is not in the model
r(398);

. repplot lnearn
command repplot is unrecognized
r(199);

. do "C:\Users\wang6054\AppData\Local\Temp\36\STD4958_000000.tmp"

. rvpplot lnearn

. 
end of do-file

. help scatter

. do "C:\Users\wang6054\AppData\Local\Temp\36\STD4958_000000.tmp"

. gen res2=res*res
(5,346 missing values generated)

. 
end of do-file

. do "C:\Users\wang6054\AppData\Local\Temp\36\STD4958_000000.tmp"

. reg res2 lnearn ed nonwhite age age2

      Source |       SS           df       MS      Number of obs   =     8,395
-------------+----------------------------------   F(5, 8389)      =     49.48
       Model |  2134.57538         5  426.915076   Prob > F        =    0.0000
    Residual |  72373.4209     8,389  8.62718094   R-squared       =    0.0286
-------------+----------------------------------   Adj R-squared   =    0.0281
       Total |  74507.9963     8,394   8.8763398   Root MSE        =    2.9372

------------------------------------------------------------------------------
        res2 |      Coef.   Std. Err.      t    P>|t|     [95% Conf. Interval]
-------------+----------------------------------------------------------------
      lnearn |  -.1082546   .0240627    -4.50   0.000    -.1554234   -.0610857
          ed |  -.0565182   .0125098    -4.52   0.000    -.0810405   -.0319959
    nonwhite |    .319987   .0658099     4.86   0.000     .1909834    .4489907
         age |   .2378796   .0251331     9.46   0.000     .1886124    .2871467
        age2 |  -.0035899   .0003424   -10.49   0.000     -.004261   -.0029188
       _cons |  -.8733554    .515626    -1.69   0.090     -1.88411    .1373988
------------------------------------------------------------------------------

. 
end of do-file

. do "C:\Users\wang6054\AppData\Local\Temp\36\STD4958_000000.tmp"

. reg children lnearn ed nonwhite age age2

      Source |       SS           df       MS      Number of obs   =     8,395
-------------+----------------------------------   F(5, 8389)      =    269.38
       Model |  1831.46701         5  366.293403   Prob > F        =    0.0000
    Residual |  11407.2699     8,389  1.35978899   R-squared       =    0.1383
-------------+----------------------------------   Adj R-squared   =    0.1378
       Total |  13238.7369     8,394  1.57716665   Root MSE        =    1.1661

------------------------------------------------------------------------------
    children |      Coef.   Std. Err.      t    P>|t|     [95% Conf. Interval]
-------------+----------------------------------------------------------------
      lnearn |  -.1514784   .0095531   -15.86   0.000    -.1702049   -.1327519
          ed |   .0064121   .0049665     1.29   0.197    -.0033236    .0161477
    nonwhite |   .3872756   .0261272    14.82   0.000     .3360599    .4384914
         age |   .1830821   .0099781    18.35   0.000     .1635226    .2026417
        age2 |  -.0028169   .0001359   -20.72   0.000    -.0030833   -.0025504
       _cons |  -.5397463   .2047086    -2.64   0.008    -.9410257   -.1384669
------------------------------------------------------------------------------

. 
end of do-file

. do "C:\Users\wang6054\AppData\Local\Temp\36\STD4958_000000.tmp"

. hettest, rhs

Breusch-Pagan / Cook-Weisberg test for heteroskedasticity 
         Ho: Constant variance
         Variables: lnearn ed nonwhite age age2

         chi2(5)      =   578.04
         Prob > chi2  =   0.0000

. 
end of do-file

. do "C:\Users\wang6054\AppData\Local\Temp\36\STD4958_000000.tmp"

. hettest lnearn

Breusch-Pagan / Cook-Weisberg test for heteroskedasticity 
         Ho: Constant variance
         Variables: lnearn

         chi2(1)      =    80.13
         Prob > chi2  =   0.0000

. 
end of do-file

. help ed

. do "C:\Users\wang6054\AppData\Local\Temp\36\STD4958_000000.tmp"

. reg earn children ed nonwhite age age2

      Source |       SS           df       MS      Number of obs   =    13,741
-------------+----------------------------------   F(5, 13735)     =    104.92
       Model |  1.3546e+11         5  2.7092e+10   Prob > F        =    0.0000
    Residual |  3.5465e+12    13,735   258207395   R-squared       =    0.0368
-------------+----------------------------------   Adj R-squared   =    0.0364
       Total |  3.6819e+12    13,740   267972090   Root MSE        =     16069

------------------------------------------------------------------------------
        earn |      Coef.   Std. Err.      t    P>|t|     [95% Conf. Interval]
-------------+----------------------------------------------------------------
    children |  -1801.098   107.3164   -16.78   0.000    -2011.453   -1590.743
          ed |   3.241564   53.11342     0.06   0.951     -100.868    107.3511
    nonwhite |  -1043.619   286.2944    -3.65   0.000    -1604.795    -482.443
         age |  -762.5684   110.7353    -6.89   0.000    -979.6247    -545.512
        age2 |   11.01396   1.521853     7.24   0.000     8.030919      13.997
       _cons |    25089.4   1979.628    12.67   0.000     21209.06    28969.75
------------------------------------------------------------------------------

. 
end of do-file

. do "C:\Users\wang6054\AppData\Local\Temp\36\STD4958_000000.tmp"

. predict Res, resid

. 
end of do-file

. do "C:\Users\wang6054\AppData\Local\Temp\36\STD4958_000000.tmp"

. gen Res2= Res*Res

. 
end of do-file

. do "C:\Users\wang6054\AppData\Local\Temp\36\STD4958_000000.tmp"

. gen children2=children*children

. 
end of do-file

. do "C:\Users\wang6054\AppData\Local\Temp\36\STD4958_000000.tmp"

. reg Res2 children children2

      Source |       SS           df       MS      Number of obs   =    13,741
-------------+----------------------------------   F(2, 13738)     =     44.85
       Model |  9.3778e+19         2  4.6889e+19   Prob > F        =    0.0000
    Residual |  1.4363e+22    13,738  1.0455e+18   R-squared       =    0.0065
-------------+----------------------------------   Adj R-squared   =    0.0063
       Total |  1.4457e+22    13,740  1.0522e+18   Root MSE        =    1.0e+09

------------------------------------------------------------------------------
        Res2 |      Coef.   Std. Err.      t    P>|t|     [95% Conf. Interval]
-------------+----------------------------------------------------------------
    children |  -1.14e+08   1.42e+07    -8.03   0.000    -1.42e+08   -8.63e+07
   children2 |   1.52e+07    3066953     4.97   0.000      9223449    2.12e+07
       _cons |   3.43e+08   1.25e+07    27.38   0.000     3.19e+08    3.68e+08
------------------------------------------------------------------------------

. 
end of do-file

. do "C:\Users\wang6054\AppData\Local\Temp\36\STD4958_000000.tmp"

. reg children earn ed nonwhite age age2

      Source |       SS           df       MS      Number of obs   =    13,741
-------------+----------------------------------   F(5, 13735)     =    535.42
       Model |  4282.06271         5  856.412542   Prob > F        =    0.0000
    Residual |  21969.4897    13,735  1.59952601   R-squared       =    0.1631
-------------+----------------------------------   Adj R-squared   =    0.1628
       Total |  26251.5524    13,740  1.91059334   Root MSE        =    1.2647

------------------------------------------------------------------------------
    children |      Coef.   Std. Err.      t    P>|t|     [95% Conf. Interval]
-------------+----------------------------------------------------------------
        earn |  -.0000112   6.65e-07   -16.78   0.000    -.0000125   -9.85e-06
          ed |   .0202054   .0041768     4.84   0.000     .0120183    .0283925
    nonwhite |   .4623301   .0221963    20.83   0.000     .4188222    .5058379
         age |   .2055361   .0085527    24.03   0.000     .1887717    .2223006
        age2 |  -.0032551   .0001167   -27.88   0.000    -.0034839   -.0030262
       _cons |  -2.013683   .1557735   -12.93   0.000    -2.319021   -1.708346
------------------------------------------------------------------------------

. 
end of do-file

. do "C:\Users\wang6054\AppData\Local\Temp\36\STD4958_000000.tmp"

. imtest, white

White's test for Ho: homoskedasticity
         against Ha: unrestricted heteroskedasticity

         chi2(18)     =    724.75
         Prob > chi2  =    0.0000

Cameron & Trivedi's decomposition of IM-test

---------------------------------------------------
              Source |       chi2     df      p
---------------------+-----------------------------
  Heteroskedasticity |     724.75     18    0.0000
            Skewness |     366.88      5    0.0000
            Kurtosis |      59.01      1    0.0000
---------------------+-----------------------------
               Total |    1150.64     24    0.0000
---------------------------------------------------

. 
end of do-file

. do "C:\Users\wang6054\AppData\Local\Temp\36\STD4958_000000.tmp"

. reg earn children ed nonwhite age age2

      Source |       SS           df       MS      Number of obs   =    13,741
-------------+----------------------------------   F(5, 13735)     =    104.92
       Model |  1.3546e+11         5  2.7092e+10   Prob > F        =    0.0000
    Residual |  3.5465e+12    13,735   258207395   R-squared       =    0.0368
-------------+----------------------------------   Adj R-squared   =    0.0364
       Total |  3.6819e+12    13,740   267972090   Root MSE        =     16069

------------------------------------------------------------------------------
        earn |      Coef.   Std. Err.      t    P>|t|     [95% Conf. Interval]
-------------+----------------------------------------------------------------
    children |  -1801.098   107.3164   -16.78   0.000    -2011.453   -1590.743
          ed |   3.241564   53.11342     0.06   0.951     -100.868    107.3511
    nonwhite |  -1043.619   286.2944    -3.65   0.000    -1604.795    -482.443
         age |  -762.5684   110.7353    -6.89   0.000    -979.6247    -545.512
        age2 |   11.01396   1.521853     7.24   0.000     8.030919      13.997
       _cons |    25089.4   1979.628    12.67   0.000     21209.06    28969.75
------------------------------------------------------------------------------

. 
end of do-file

. do "C:\Users\wang6054\AppData\Local\Temp\36\STD4958_000000.tmp"

. outreg2 using Lab_6.doc, replace ctitle(regular SE) bdec(3) adjr
Lab_6.doc
dir : seeout

. 
end of do-file

. shellout using `"Lab_6.doc"'

. do "C:\Users\wang6054\AppData\Local\Temp\36\STD4958_000000.tmp"

. reg earn children ed nonwhite age age2, vce(robust)

Linear regression                               Number of obs     =     13,741
                                                F(5, 13735)       =     120.68
                                                Prob > F          =     0.0000
                                                R-squared         =     0.0368
                                                Root MSE          =      16069

------------------------------------------------------------------------------
             |               Robust
        earn |      Coef.   Std. Err.      t    P>|t|     [95% Conf. Interval]
-------------+----------------------------------------------------------------
    children |  -1801.098   111.8459   -16.10   0.000    -2020.331   -1581.865
          ed |   3.241564   57.06791     0.06   0.955    -108.6193    115.1025
    nonwhite |  -1043.619   300.5141    -3.47   0.001    -1632.668   -454.5703
         age |  -762.5684   121.2866    -6.29   0.000    -1000.307     -524.83
        age2 |   11.01396   1.684572     6.54   0.000     7.711967    14.31595
       _cons |    25089.4   2196.376    11.42   0.000     20784.21     29394.6
------------------------------------------------------------------------------

. outreg2 using Lab_6.doc, append ctitle(robust SE) bdec(3) adj
Lab_6.doc
dir : seeout

. 
end of do-file

. do "C:\Users\wang6054\AppData\Local\Temp\36\STD4958_000000.tmp"

. reg earn children ed nonwhite age age2, vce(cluster earn)

Linear regression                               Number of obs     =     13,741
                                                F(5, 3793)        =      24.70
                                                Prob > F          =     0.0000
                                                R-squared         =     0.0368
                                                Root MSE          =      16069

                               (Std. Err. adjusted for 3,794 clusters in earn)
------------------------------------------------------------------------------
             |               Robust
        earn |      Coef.   Std. Err.      t    P>|t|     [95% Conf. Interval]
-------------+----------------------------------------------------------------
    children |  -1801.098   336.6353    -5.35   0.000    -2461.102   -1141.094
          ed |   3.241564   113.8175     0.03   0.977    -219.9078    226.3909
    nonwhite |  -1043.619    374.445    -2.79   0.005    -1777.752   -309.4861
         age |  -762.5684   379.3228    -2.01   0.044    -1506.265   -18.87195
        age2 |   11.01396   5.130362     2.15   0.032     .9554247    21.07249
       _cons |    25089.4   11514.91     2.18   0.029     2513.396    47665.41
------------------------------------------------------------------------------

. outreg2 using Lab_6.doc, append ctitle(cluster SE) bdec(3) adjr
Lab_6.doc
dir : seeout

. 
end of do-file

. shellout using `"Lab_6.doc"'

. scatter res earn

. help vif

. help vif

. doedit "C:\Users\wang6054\Downloads\lab5_answers.do"

. tab ed

   Years of |
  education |      Freq.     Percent        Cum.
------------+-----------------------------------
          0 |        452        3.29        3.29
          3 |        714        5.20        8.49
          7 |      3,144       22.88       31.37
          9 |      2,021       14.71       46.07
         10 |      2,850       20.74       66.81
         11 |      4,560       33.19      100.00
------------+-----------------------------------
      Total |     13,741      100.00

. do "C:\Users\wang6054\AppData\Local\Temp\36\STD4958_00
> 0000.tmp"

. gen bachelor = 0 

. replace bachelor = 1 if ed>12 & ed<17
(0 real changes made)

. 
end of do-file

. reg earn nonwhite ed children urate

      Source |       SS           df       MS      Number of obs   =    13,741
-------------+----------------------------------   F(4, 13736)     =    116.56
       Model |  1.2087e+11         4  3.0218e+10   Prob > F        =    0.0000
    Residual |  3.5611e+12    13,736   259250380   R-squared       =    0.0328
-------------+----------------------------------   Adj R-squared   =    0.0325
       Total |  3.6819e+12    13,740   267972090   Root MSE        =     16101

------------------------------------------------------------------------------
        earn |      Coef.   Std. Err.      t    P>|t|     [95% Conf. Interval]
-------------+----------------------------------------------------------------
    nonwhite |  -1090.404   291.8429    -3.74   0.000    -1662.456   -518.3517
          ed |   5.573583   52.65673     0.11   0.916    -97.64081     108.788
    children |  -2049.096   101.3346   -20.22   0.000    -2247.725   -1850.466
       urate |   102.5114   96.19563     1.07   0.287    -86.04515     291.068
       _cons |   12640.23   838.8333    15.07   0.000        10996    14284.46
------------------------------------------------------------------------------

. predict res3
(option xb assumed; fitted values)

. scatter res3 nonwhite

. rvpplot nonwhite

. scatter res3 nonwhite, yline(0) xtitle(white population)

. imtest, white

White's test for Ho: homoskedasticity
         against Ha: unrestricted heteroskedasticity

         chi2(13)     =    142.14
         Prob > chi2  =    0.0000

Cameron & Trivedi's decomposition of IM-test

---------------------------------------------------
              Source |       chi2     df      p
---------------------+-----------------------------
  Heteroskedasticity |     142.14     13    0.0000
            Skewness |     212.81      4    0.0000
            Kurtosis |-4705294.43      1    1.0000
---------------------+-----------------------------
               Total |-4704939.49     18    1.0000
---------------------------------------------------

. rvfplot

. help rvfplot

. rvpplot
varlist required
r(100);

. rvfplot

. doedit "C:\Users\wang6054\Downloads\Lab6.do"

. do "C:\Users\wang6054\AppData\Local\Temp\36\STD4958_000000.tmp"

. reg children lnearn ed nonwhite age age2

      Source |       SS           df       MS      Number of obs   =     8,395
-------------+----------------------------------   F(5, 8389)      =    269.38
       Model |  1831.46701         5  366.293403   Prob > F        =    0.0000
    Residual |  11407.2699     8,389  1.35978899   R-squared       =    0.1383
-------------+----------------------------------   Adj R-squared   =    0.1378
       Total |  13238.7369     8,394  1.57716665   Root MSE        =    1.1661

------------------------------------------------------------------------------
    children |      Coef.   Std. Err.      t    P>|t|     [95% Conf. Interval]
-------------+----------------------------------------------------------------
      lnearn |  -.1514784   .0095531   -15.86   0.000    -.1702049   -.1327519
          ed |   .0064121   .0049665     1.29   0.197    -.0033236    .0161477
    nonwhite |   .3872756   .0261272    14.82   0.000     .3360599    .4384914
         age |   .1830821   .0099781    18.35   0.000     .1635226    .2026417
        age2 |  -.0028169   .0001359   -20.72   0.000    -.0030833   -.0025504
       _cons |  -.5397463   .2047086    -2.64   0.008    -.9410257   -.1384669
------------------------------------------------------------------------------

. 
end of do-file

. rvfplot

. scatter res3 nonwhite

. exit, clear
